<?xml version="1.0" encoding="UTF-8"?>
<testsuite xmlns:xsi="http://www.w3.org/2001/XMLSchema-instance" xsi:noNamespaceSchemaLocation="https://maven.apache.org/surefire/maven-surefire-plugin/xsd/surefire-test-report-3.0.xsd" version="3.0" name="es.iespuertodelacruz.saul.repositorytests.AlumnoRepositoryTest" time="0.188" tests="9" errors="1" skipped="0" failures="0">
  <properties>
    <property name="java.specification.version" value="17"/>
    <property name="sun.cpu.isalist" value="amd64"/>
    <property name="sun.jnu.encoding" value="Cp1252"/>
    <property name="java.class.path" value="C:\xampp\htdocs\Saul-PGL-AED\AED\JPA\Instituto\target\test-classes;C:\xampp\htdocs\Saul-PGL-AED\AED\JPA\Instituto\target\classes;C:\Users\saulg\.m2\repository\mysql\mysql-connector-java\8.0.20\mysql-connector-java-8.0.20.jar;C:\Users\saulg\.m2\repository\com\google\protobuf\protobuf-java\3.6.1\protobuf-java-3.6.1.jar;C:\Users\saulg\.m2\repository\org\hibernate\hibernate-core\5.4.3.Final\hibernate-core-5.4.3.Final.jar;C:\Users\saulg\.m2\repository\org\jboss\logging\jboss-logging\3.3.2.Final\jboss-logging-3.3.2.Final.jar;C:\Users\saulg\.m2\repository\org\javassist\javassist\3.24.0-GA\javassist-3.24.0-GA.jar;C:\Users\saulg\.m2\repository\net\bytebuddy\byte-buddy\1.9.10\byte-buddy-1.9.10.jar;C:\Users\saulg\.m2\repository\antlr\antlr\2.7.7\antlr-2.7.7.jar;C:\Users\saulg\.m2\repository\org\jboss\spec\javax\transaction\jboss-transaction-api_1.2_spec\1.1.1.Final\jboss-transaction-api_1.2_spec-1.1.1.Final.jar;C:\Users\saulg\.m2\repository\org\jboss\jandex\2.0.5.Final\jandex-2.0.5.Final.jar;C:\Users\saulg\.m2\repository\com\fasterxml\classmate\1.3.4\classmate-1.3.4.jar;C:\Users\saulg\.m2\repository\javax\activation\javax.activation-api\1.2.0\javax.activation-api-1.2.0.jar;C:\Users\saulg\.m2\repository\org\dom4j\dom4j\2.1.1\dom4j-2.1.1.jar;C:\Users\saulg\.m2\repository\org\hibernate\common\hibernate-commons-annotations\5.1.0.Final\hibernate-commons-annotations-5.1.0.Final.jar;C:\Users\saulg\.m2\repository\javax\xml\bind\jaxb-api\2.3.1\jaxb-api-2.3.1.jar;C:\Users\saulg\.m2\repository\org\glassfish\jaxb\jaxb-runtime\2.3.1\jaxb-runtime-2.3.1.jar;C:\Users\saulg\.m2\repository\org\glassfish\jaxb\txw2\2.3.1\txw2-2.3.1.jar;C:\Users\saulg\.m2\repository\com\sun\istack\istack-commons-runtime\3.0.7\istack-commons-runtime-3.0.7.jar;C:\Users\saulg\.m2\repository\org\jvnet\staxex\stax-ex\1.8\stax-ex-1.8.jar;C:\Users\saulg\.m2\repository\com\sun\xml\fastinfoset\FastInfoset\1.2.15\FastInfoset-1.2.15.jar;C:\Users\saulg\.m2\repository\org\hibernate\hibernate-entitymanager\5.4.3.Final\hibernate-entitymanager-5.4.3.Final.jar;C:\Users\saulg\.m2\repository\javax\persistence\javax.persistence-api\2.2\javax.persistence-api-2.2.jar;C:\Users\saulg\.m2\repository\com\h2database\h2\2.1.214\h2-2.1.214.jar;C:\Users\saulg\.m2\repository\org\junit\jupiter\junit-jupiter-engine\5.8.0-M1\junit-jupiter-engine-5.8.0-M1.jar;C:\Users\saulg\.m2\repository\org\apiguardian\apiguardian-api\1.1.1\apiguardian-api-1.1.1.jar;C:\Users\saulg\.m2\repository\org\junit\platform\junit-platform-engine\1.8.0-M1\junit-platform-engine-1.8.0-M1.jar;C:\Users\saulg\.m2\repository\org\opentest4j\opentest4j\1.2.0\opentest4j-1.2.0.jar;C:\Users\saulg\.m2\repository\org\junit\platform\junit-platform-commons\1.8.0-M1\junit-platform-commons-1.8.0-M1.jar;C:\Users\saulg\.m2\repository\org\junit\jupiter\junit-jupiter-api\5.8.0-M1\junit-jupiter-api-5.8.0-M1.jar;C:\Users\saulg\.m2\repository\org\jetbrains\kotlin\kotlin-stdlib-jdk8\1.4.20\kotlin-stdlib-jdk8-1.4.20.jar;C:\Users\saulg\.m2\repository\org\jetbrains\kotlin\kotlin-stdlib\1.4.20\kotlin-stdlib-1.4.20.jar;C:\Users\saulg\.m2\repository\org\jetbrains\kotlin\kotlin-stdlib-common\1.4.20\kotlin-stdlib-common-1.4.20.jar;C:\Users\saulg\.m2\repository\org\jetbrains\annotations\13.0\annotations-13.0.jar;C:\Users\saulg\.m2\repository\org\jetbrains\kotlin\kotlin-stdlib-jdk7\1.4.20\kotlin-stdlib-jdk7-1.4.20.jar;"/>
    <property name="java.vm.vendor" value="Eclipse Adoptium"/>
    <property name="sun.arch.data.model" value="64"/>
    <property name="user.variant" value=""/>
    <property name="java.vendor.url" value="https://adoptium.net/"/>
    <property name="user.timezone" value="Atlantic/Canary"/>
    <property name="os.name" value="Windows 10"/>
    <property name="java.vm.specification.version" value="17"/>
    <property name="sun.java.launcher" value="SUN_STANDARD"/>
    <property name="user.country" value="ES"/>
    <property name="sun.boot.library.path" value="C:\Users\saulg\.p2\pool\plugins\org.eclipse.justj.openjdk.hotspot.jre.full.win32.x86_64_17.0.9.v20231028-0858\jre\bin"/>
    <property name="sun.java.command" value="C:\Users\saulg\AppData\Local\Temp\surefire8499621606228305143\surefirebooter-20240207230722423_3.jar C:\Users\saulg\AppData\Local\Temp\surefire8499621606228305143 2024-02-07T23-07-22_146-jvmRun1 surefire-20240207230722423_1tmp surefire_0-20240207230722423_2tmp"/>
    <property name="jdk.debug" value="release"/>
    <property name="surefire.test.class.path" value="C:\xampp\htdocs\Saul-PGL-AED\AED\JPA\Instituto\target\test-classes;C:\xampp\htdocs\Saul-PGL-AED\AED\JPA\Instituto\target\classes;C:\Users\saulg\.m2\repository\mysql\mysql-connector-java\8.0.20\mysql-connector-java-8.0.20.jar;C:\Users\saulg\.m2\repository\com\google\protobuf\protobuf-java\3.6.1\protobuf-java-3.6.1.jar;C:\Users\saulg\.m2\repository\org\hibernate\hibernate-core\5.4.3.Final\hibernate-core-5.4.3.Final.jar;C:\Users\saulg\.m2\repository\org\jboss\logging\jboss-logging\3.3.2.Final\jboss-logging-3.3.2.Final.jar;C:\Users\saulg\.m2\repository\org\javassist\javassist\3.24.0-GA\javassist-3.24.0-GA.jar;C:\Users\saulg\.m2\repository\net\bytebuddy\byte-buddy\1.9.10\byte-buddy-1.9.10.jar;C:\Users\saulg\.m2\repository\antlr\antlr\2.7.7\antlr-2.7.7.jar;C:\Users\saulg\.m2\repository\org\jboss\spec\javax\transaction\jboss-transaction-api_1.2_spec\1.1.1.Final\jboss-transaction-api_1.2_spec-1.1.1.Final.jar;C:\Users\saulg\.m2\repository\org\jboss\jandex\2.0.5.Final\jandex-2.0.5.Final.jar;C:\Users\saulg\.m2\repository\com\fasterxml\classmate\1.3.4\classmate-1.3.4.jar;C:\Users\saulg\.m2\repository\javax\activation\javax.activation-api\1.2.0\javax.activation-api-1.2.0.jar;C:\Users\saulg\.m2\repository\org\dom4j\dom4j\2.1.1\dom4j-2.1.1.jar;C:\Users\saulg\.m2\repository\org\hibernate\common\hibernate-commons-annotations\5.1.0.Final\hibernate-commons-annotations-5.1.0.Final.jar;C:\Users\saulg\.m2\repository\javax\xml\bind\jaxb-api\2.3.1\jaxb-api-2.3.1.jar;C:\Users\saulg\.m2\repository\org\glassfish\jaxb\jaxb-runtime\2.3.1\jaxb-runtime-2.3.1.jar;C:\Users\saulg\.m2\repository\org\glassfish\jaxb\txw2\2.3.1\txw2-2.3.1.jar;C:\Users\saulg\.m2\repository\com\sun\istack\istack-commons-runtime\3.0.7\istack-commons-runtime-3.0.7.jar;C:\Users\saulg\.m2\repository\org\jvnet\staxex\stax-ex\1.8\stax-ex-1.8.jar;C:\Users\saulg\.m2\repository\com\sun\xml\fastinfoset\FastInfoset\1.2.15\FastInfoset-1.2.15.jar;C:\Users\saulg\.m2\repository\org\hibernate\hibernate-entitymanager\5.4.3.Final\hibernate-entitymanager-5.4.3.Final.jar;C:\Users\saulg\.m2\repository\javax\persistence\javax.persistence-api\2.2\javax.persistence-api-2.2.jar;C:\Users\saulg\.m2\repository\com\h2database\h2\2.1.214\h2-2.1.214.jar;C:\Users\saulg\.m2\repository\org\junit\jupiter\junit-jupiter-engine\5.8.0-M1\junit-jupiter-engine-5.8.0-M1.jar;C:\Users\saulg\.m2\repository\org\apiguardian\apiguardian-api\1.1.1\apiguardian-api-1.1.1.jar;C:\Users\saulg\.m2\repository\org\junit\platform\junit-platform-engine\1.8.0-M1\junit-platform-engine-1.8.0-M1.jar;C:\Users\saulg\.m2\repository\org\opentest4j\opentest4j\1.2.0\opentest4j-1.2.0.jar;C:\Users\saulg\.m2\repository\org\junit\platform\junit-platform-commons\1.8.0-M1\junit-platform-commons-1.8.0-M1.jar;C:\Users\saulg\.m2\repository\org\junit\jupiter\junit-jupiter-api\5.8.0-M1\junit-jupiter-api-5.8.0-M1.jar;C:\Users\saulg\.m2\repository\org\jetbrains\kotlin\kotlin-stdlib-jdk8\1.4.20\kotlin-stdlib-jdk8-1.4.20.jar;C:\Users\saulg\.m2\repository\org\jetbrains\kotlin\kotlin-stdlib\1.4.20\kotlin-stdlib-1.4.20.jar;C:\Users\saulg\.m2\repository\org\jetbrains\kotlin\kotlin-stdlib-common\1.4.20\kotlin-stdlib-common-1.4.20.jar;C:\Users\saulg\.m2\repository\org\jetbrains\annotations\13.0\annotations-13.0.jar;C:\Users\saulg\.m2\repository\org\jetbrains\kotlin\kotlin-stdlib-jdk7\1.4.20\kotlin-stdlib-jdk7-1.4.20.jar;"/>
    <property name="sun.cpu.endian" value="little"/>
    <property name="user.home" value="C:\Users\saulg"/>
    <property name="user.language" value="es"/>
    <property name="java.specification.vendor" value="Oracle Corporation"/>
    <property name="java.version.date" value="2023-10-17"/>
    <property name="java.home" value="C:\Users\saulg\.p2\pool\plugins\org.eclipse.justj.openjdk.hotspot.jre.full.win32.x86_64_17.0.9.v20231028-0858\jre"/>
    <property name="file.separator" value="\"/>
    <property name="style.color" value="always"/>
    <property name="basedir" value="C:\xampp\htdocs\Saul-PGL-AED\AED\JPA\Instituto"/>
    <property name="java.vm.compressedOopsMode" value="Zero based"/>
    <property name="line.separator" value="&#10;"/>
    <property name="java.vm.specification.vendor" value="Oracle Corporation"/>
    <property name="java.specification.name" value="Java Platform API Specification"/>
    <property name="surefire.real.class.path" value="C:\Users\saulg\AppData\Local\Temp\surefire8499621606228305143\surefirebooter-20240207230722423_3.jar"/>
    <property name="user.script" value=""/>
    <property name="sun.management.compiler" value="HotSpot 64-Bit Tiered Compilers"/>
    <property name="java.runtime.version" value="17.0.9+9"/>
    <property name="user.name" value="saulg"/>
    <property name="path.separator" value=";"/>
    <property name="os.version" value="10.0"/>
    <property name="java.runtime.name" value="OpenJDK Runtime Environment"/>
    <property name="file.encoding" value="Cp1252"/>
    <property name="java.vm.name" value="OpenJDK 64-Bit Server VM"/>
    <property name="java.vendor.version" value="Temurin-17.0.9+9"/>
    <property name="localRepository" value="C:\Users\saulg\.m2\repository"/>
    <property name="java.vendor.url.bug" value="https://github.com/adoptium/adoptium-support/issues"/>
    <property name="java.io.tmpdir" value="C:\Users\saulg\AppData\Local\Temp\"/>
    <property name="java.version" value="17.0.9"/>
    <property name="user.dir" value="C:\xampp\htdocs\Saul-PGL-AED\AED\JPA\Instituto"/>
    <property name="os.arch" value="amd64"/>
    <property name="java.vm.specification.name" value="Java Virtual Machine Specification"/>
    <property name="sun.os.patch.level" value=""/>
    <property name="native.encoding" value="Cp1252"/>
    <property name="java.library.path" value="C:\Users\saulg\.p2\pool\plugins\org.eclipse.justj.openjdk.hotspot.jre.full.win32.x86_64_17.0.9.v20231028-0858\jre\bin;C:\WINDOWS\Sun\Java\bin;C:\WINDOWS\system32;C:\WINDOWS;C:/Users/saulg/.p2/pool/plugins/org.eclipse.justj.openjdk.hotspot.jre.full.win32.x86_64_21.0.1.v20231028-0937/jre/bin/server;C:/Users/saulg/.p2/pool/plugins/org.eclipse.justj.openjdk.hotspot.jre.full.win32.x86_64_21.0.1.v20231028-0937/jre/bin;C:\Program Files\Common Files\Oracle\Java\javapath;C:\Program Files\Java\bin;C:\Python312\Scripts\;C:\Python312\;C:\Python311\Scripts\;C:\Python311\;C:\ProgramData\Oracle\Java\javapath;C:\WINDOWS\system32;C:\WINDOWS;C:\WINDOWS\System32\Wbem;C:\WINDOWS\System32\WindowsPowerShell\v1.0\;C:\Program Files (x86)\NVIDIA Corporation\PhysX\Common;C:\WINDOWS\System32\OpenSSH\;C:\Program Files\Common Files\Autodesk Shared\;C:\Program Files\NVIDIA Corporation\NVIDIA NvDLISR;C:\WINDOWS\system32;C:\WINDOWS;C:\WINDOWS\System32\Wbem;C:\WINDOWS\System32\WindowsPowerShell\v1.0\;C:\WINDOWS\System32\OpenSSH\;C:\Program Files\Git\cmd;C:\ProgramData\chocolatey\bin;C:\xampp\php;C:\ProgramData\ComposerSetup\bin;C:\Users\saulg\AppData\Local\Android\Sdk\tools;C:\Users\saulg\AppData\Local\Android\Sdk\tools\bin;C:\Users\saulg\AppData\Local\Android\Sdk\emulator;C:\Users\saulg\AppData\Local\Android\Sdk\platform-tools;C:\Program Files\nodejs\;C:\Program Files\Docker\Docker\resources\bin;C:\Users\saulg\AppData\Local\Microsoft\WindowsApps;C:\Users\saulg\AppData\Local\Programs\Microsoft VS Code\bin;C:\Program Files\Java\jdk-11\bin;C:\Users\saulg\AppData\Roaming\Composer\vendor\bin;;C:\Program Files\JetBrains\IntelliJ IDEA Community Edition 2023.2.5\bin;;C:\Users\saulg\AppData\Roaming\npm;C:\Users\saulg\Desktop;;."/>
    <property name="java.vm.info" value="mixed mode"/>
    <property name="java.vendor" value="Eclipse Adoptium"/>
    <property name="java.vm.version" value="17.0.9+9"/>
    <property name="sun.io.unicode.encoding" value="UnicodeLittle"/>
    <property name="java.class.version" value="61.0"/>
  </properties>
  <testcase name="testFindAll" classname="es.iespuertodelacruz.saul.repositorytests.AlumnoRepositoryTest" time="0.007">
    <system-out><![CDATA[Hibernate: 
    select
        alumno0_."dni" as dni1_0_,
        alumno0_."apellidos" as apellido2_0_,
        alumno0_."fechanacimiento" as fechanac3_0_,
        alumno0_."nombre" as nombre4_0_ 
    from
        "alumnos" alumno0_
Hibernate: 
    select
        matriculas0_."dni" as dni3_3_0_,
        matriculas0_."id" as id1_3_0_,
        matriculas0_."id" as id1_3_1_,
        matriculas0_."dni" as dni3_3_1_,
        matriculas0_."year" as year2_3_1_ 
    from
        "matriculas" matriculas0_ 
    where
        matriculas0_."dni"=?
Hibernate: 
    select
        matriculas0_."dni" as dni3_3_0_,
        matriculas0_."id" as id1_3_0_,
        matriculas0_."id" as id1_3_1_,
        matriculas0_."dni" as dni3_3_1_,
        matriculas0_."year" as year2_3_1_ 
    from
        "matriculas" matriculas0_ 
    where
        matriculas0_."dni"=?
Hibernate: 
    select
        matriculas0_."dni" as dni3_3_0_,
        matriculas0_."id" as id1_3_0_,
        matriculas0_."id" as id1_3_1_,
        matriculas0_."dni" as dni3_3_1_,
        matriculas0_."year" as year2_3_1_ 
    from
        "matriculas" matriculas0_ 
    where
        matriculas0_."dni"=?
]]></system-out>
    <system-err><![CDATA[feb 07, 2024 11:07:25 P. M. org.hibernate.jpa.internal.util.LogHelper logPersistenceUnitInformation
INFO: HHH000204: Processing PersistenceUnitInfo [name: TEST]
feb 07, 2024 11:07:25 P. M. org.hibernate.engine.jdbc.connections.internal.DriverManagerConnectionProviderImpl configure
WARN: HHH10001002: Using Hibernate built-in connection pool (not for production use!)
feb 07, 2024 11:07:25 P. M. org.hibernate.engine.jdbc.connections.internal.DriverManagerConnectionProviderImpl buildCreator
INFO: HHH10001005: using driver [org.h2.Driver] at URL [jdbc:h2:mem:test;DB_CLOSE_ON_EXIT=TRUE;DB_CLOSE_DELAY=0;MODE=Mysql;DATABASE_TO_LOWER=TRUE;INIT=RUNSCRIPT FROM 'src/test/resources/instituto.sql';]
feb 07, 2024 11:07:25 P. M. org.hibernate.engine.jdbc.connections.internal.DriverManagerConnectionProviderImpl buildCreator
INFO: HHH10001001: Connection properties: {}
feb 07, 2024 11:07:25 P. M. org.hibernate.engine.jdbc.connections.internal.DriverManagerConnectionProviderImpl buildCreator
INFO: HHH10001003: Autocommit mode: false
feb 07, 2024 11:07:25 P. M. org.hibernate.engine.jdbc.connections.internal.DriverManagerConnectionProviderImpl$PooledConnections <init>
INFO: HHH000115: Hibernate connection pool size: 20 (min=1)
feb 07, 2024 11:07:25 P. M. org.hibernate.dialect.Dialect <init>
INFO: HHH000400: Using dialect: org.hibernate.dialect.H2Dialect
feb 07, 2024 11:07:25 P. M. org.hibernate.engine.transaction.jta.platform.internal.JtaPlatformInitiator initiateService
INFO: HHH000490: Using JtaPlatform implementation: [org.hibernate.engine.transaction.jta.platform.internal.NoJtaPlatform]
]]></system-err>
  </testcase>
  <testcase name="testFindAllRel" classname="es.iespuertodelacruz.saul.repositorytests.AlumnoRepositoryTest" time="0.004">
    <system-out><![CDATA[Hibernate: 
    select
        alumno0_."dni" as dni1_0_0_,
        matriculas1_."id" as id1_3_1_,
        alumno0_."apellidos" as apellido2_0_0_,
        alumno0_."fechanacimiento" as fechanac3_0_0_,
        alumno0_."nombre" as nombre4_0_0_,
        matriculas1_."dni" as dni3_3_1_,
        matriculas1_."year" as year2_3_1_,
        matriculas1_."dni" as dni3_3_0__,
        matriculas1_."id" as id1_3_0__ 
    from
        "alumnos" alumno0_ 
    inner join
        "matriculas" matriculas1_ 
            on alumno0_."dni"=matriculas1_."dni"
]]></system-out>
  </testcase>
  <testcase name="test_find_by_dni" classname="es.iespuertodelacruz.saul.repositorytests.AlumnoRepositoryTest" time="0.004">
    <system-out><![CDATA[Hibernate: 
    select
        alumno0_."dni" as dni1_0_0_,
        alumno0_."apellidos" as apellido2_0_0_,
        alumno0_."fechanacimiento" as fechanac3_0_0_,
        alumno0_."nombre" as nombre4_0_0_ 
    from
        "alumnos" alumno0_ 
    where
        alumno0_."dni"=?
Hibernate: 
    select
        matriculas0_."dni" as dni3_3_0_,
        matriculas0_."id" as id1_3_0_,
        matriculas0_."id" as id1_3_1_,
        matriculas0_."dni" as dni3_3_1_,
        matriculas0_."year" as year2_3_1_ 
    from
        "matriculas" matriculas0_ 
    where
        matriculas0_."dni"=?
]]></system-out>
  </testcase>
  <testcase name="test_find_by_dni_rel" classname="es.iespuertodelacruz.saul.repositorytests.AlumnoRepositoryTest" time="0.004">
    <system-out><![CDATA[Hibernate: 
    select
        alumno0_."dni" as dni1_0_0_,
        matriculas1_."id" as id1_3_1_,
        alumno0_."apellidos" as apellido2_0_0_,
        alumno0_."fechanacimiento" as fechanac3_0_0_,
        alumno0_."nombre" as nombre4_0_0_,
        matriculas1_."dni" as dni3_3_1_,
        matriculas1_."year" as year2_3_1_,
        matriculas1_."dni" as dni3_3_0__,
        matriculas1_."id" as id1_3_0__ 
    from
        "alumnos" alumno0_ 
    inner join
        "matriculas" matriculas1_ 
            on alumno0_."dni"=matriculas1_."dni" 
    where
        alumno0_."dni"=?
]]></system-out>
  </testcase>
  <testcase name="test_find_by_name" classname="es.iespuertodelacruz.saul.repositorytests.AlumnoRepositoryTest" time="0.004">
    <system-out><![CDATA[Hibernate: 
    select
        alumno0_."dni" as dni1_0_,
        alumno0_."apellidos" as apellido2_0_,
        alumno0_."fechanacimiento" as fechanac3_0_,
        alumno0_."nombre" as nombre4_0_ 
    from
        "alumnos" alumno0_ 
    where
        alumno0_."nombre"=?
Hibernate: 
    select
        matriculas0_."dni" as dni3_3_0_,
        matriculas0_."id" as id1_3_0_,
        matriculas0_."id" as id1_3_1_,
        matriculas0_."dni" as dni3_3_1_,
        matriculas0_."year" as year2_3_1_ 
    from
        "matriculas" matriculas0_ 
    where
        matriculas0_."dni"=?
]]></system-out>
  </testcase>
  <testcase name="test_delete_by_dni" classname="es.iespuertodelacruz.saul.repositorytests.AlumnoRepositoryTest" time="0.005">
    <system-out><![CDATA[Hibernate: 
    select
        alumno0_."dni" as dni1_0_0_,
        alumno0_."apellidos" as apellido2_0_0_,
        alumno0_."fechanacimiento" as fechanac3_0_0_,
        alumno0_."nombre" as nombre4_0_0_ 
    from
        "alumnos" alumno0_ 
    where
        alumno0_."dni"=?
Hibernate: 
    select
        matriculas0_."dni" as dni3_3_0_,
        matriculas0_."id" as id1_3_0_,
        matriculas0_."id" as id1_3_1_,
        matriculas0_."dni" as dni3_3_1_,
        matriculas0_."year" as year2_3_1_ 
    from
        "matriculas" matriculas0_ 
    where
        matriculas0_."dni"=?
Hibernate: 
    delete 
    from
        "alumnos" 
    where
        "dni"=?
Hibernate: 
    select
        alumno0_."dni" as dni1_0_0_,
        alumno0_."apellidos" as apellido2_0_0_,
        alumno0_."fechanacimiento" as fechanac3_0_0_,
        alumno0_."nombre" as nombre4_0_0_ 
    from
        "alumnos" alumno0_ 
    where
        alumno0_."dni"=?
]]></system-out>
  </testcase>
  <testcase name="test_actualizar_alumno" classname="es.iespuertodelacruz.saul.repositorytests.AlumnoRepositoryTest" time="0.007">
    <system-out><![CDATA[Hibernate: 
    select
        alumno0_."dni" as dni1_0_0_,
        alumno0_."apellidos" as apellido2_0_0_,
        alumno0_."fechanacimiento" as fechanac3_0_0_,
        alumno0_."nombre" as nombre4_0_0_ 
    from
        "alumnos" alumno0_ 
    where
        alumno0_."dni"=?
Hibernate: 
    update
        "alumnos" 
    set
        "apellidos"=?,
        "fechanacimiento"=?,
        "nombre"=? 
    where
        "dni"=?
]]></system-out>
  </testcase>
  <testcase name="testSave" classname="es.iespuertodelacruz.saul.repositorytests.AlumnoRepositoryTest" time="0.007">
    <system-out><![CDATA[Hibernate: 
    insert 
    into
        "alumnos"
        ("apellidos", "fechanacimiento", "nombre", "dni") 
    values
        (?, ?, ?, ?)
Hibernate: 
    select
        alumno0_."dni" as dni1_0_0_,
        alumno0_."apellidos" as apellido2_0_0_,
        alumno0_."fechanacimiento" as fechanac3_0_0_,
        alumno0_."nombre" as nombre4_0_0_ 
    from
        "alumnos" alumno0_ 
    where
        alumno0_."dni"=?
Hibernate: 
    select
        matriculas0_."dni" as dni3_3_0_,
        matriculas0_."id" as id1_3_0_,
        matriculas0_."id" as id1_3_1_,
        matriculas0_."dni" as dni3_3_1_,
        matriculas0_."year" as year2_3_1_ 
    from
        "matriculas" matriculas0_ 
    where
        matriculas0_."dni"=?
Hibernate: 
    delete 
    from
        "alumnos" 
    where
        "dni"=?
]]></system-out>
  </testcase>
  <testcase name="testNativeQuery" classname="es.iespuertodelacruz.saul.repositorytests.AlumnoRepositoryTest" time="0.041">
    <error message="org.hibernate.exception.SQLGrammarException: could not prepare statement" type="javax.persistence.PersistenceException"><![CDATA[javax.persistence.PersistenceException: org.hibernate.exception.SQLGrammarException: could not prepare statement
	at org.hibernate.internal.ExceptionConverterImpl.convert(ExceptionConverterImpl.java:154)
	at org.hibernate.query.internal.AbstractProducedQuery.list(AbstractProducedQuery.java:1538)
	at org.hibernate.query.Query.getResultList(Query.java:165)
	at es.iespuertodelacruz.saul.repositories.AlumnoRepository.findAlumnoYear(AlumnoRepository.java:192)
	at es.iespuertodelacruz.saul.repositorytests.AlumnoRepositoryTest.testNativeQuery(AlumnoRepositoryTest.java:132)
	at java.base/jdk.internal.reflect.NativeMethodAccessorImpl.invoke0(Native Method)
	at java.base/jdk.internal.reflect.NativeMethodAccessorImpl.invoke(NativeMethodAccessorImpl.java:77)
	at java.base/jdk.internal.reflect.DelegatingMethodAccessorImpl.invoke(DelegatingMethodAccessorImpl.java:43)
	at java.base/java.lang.reflect.Method.invoke(Method.java:568)
	at org.junit.platform.commons.util.ReflectionUtils.invokeMethod(ReflectionUtils.java:688)
	at org.junit.jupiter.engine.execution.MethodInvocation.proceed(MethodInvocation.java:60)
	at org.junit.jupiter.engine.execution.InvocationInterceptorChain$ValidatingInvocation.proceed(InvocationInterceptorChain.java:131)
	at org.junit.jupiter.engine.extension.TimeoutExtension.intercept(TimeoutExtension.java:149)
	at org.junit.jupiter.engine.extension.TimeoutExtension.interceptTestableMethod(TimeoutExtension.java:140)
	at org.junit.jupiter.engine.extension.TimeoutExtension.interceptTestMethod(TimeoutExtension.java:84)
	at org.junit.jupiter.engine.execution.ExecutableInvoker$ReflectiveInterceptorCall.lambda$ofVoidMethod$0(ExecutableInvoker.java:115)
	at org.junit.jupiter.engine.execution.ExecutableInvoker.lambda$invoke$0(ExecutableInvoker.java:105)
	at org.junit.jupiter.engine.execution.InvocationInterceptorChain$InterceptedInvocation.proceed(InvocationInterceptorChain.java:106)
	at org.junit.jupiter.engine.execution.InvocationInterceptorChain.proceed(InvocationInterceptorChain.java:64)
	at org.junit.jupiter.engine.execution.InvocationInterceptorChain.chainAndInvoke(InvocationInterceptorChain.java:45)
	at org.junit.jupiter.engine.execution.InvocationInterceptorChain.invoke(InvocationInterceptorChain.java:37)
	at org.junit.jupiter.engine.execution.ExecutableInvoker.invoke(ExecutableInvoker.java:104)
	at org.junit.jupiter.engine.execution.ExecutableInvoker.invoke(ExecutableInvoker.java:98)
	at org.junit.jupiter.engine.descriptor.TestMethodTestDescriptor.lambda$invokeTestMethod$6(TestMethodTestDescriptor.java:210)
	at org.junit.platform.engine.support.hierarchical.ThrowableCollector.execute(ThrowableCollector.java:73)
	at org.junit.jupiter.engine.descriptor.TestMethodTestDescriptor.invokeTestMethod(TestMethodTestDescriptor.java:206)
	at org.junit.jupiter.engine.descriptor.TestMethodTestDescriptor.execute(TestMethodTestDescriptor.java:131)
	at org.junit.jupiter.engine.descriptor.TestMethodTestDescriptor.execute(TestMethodTestDescriptor.java:65)
	at org.junit.platform.engine.support.hierarchical.NodeTestTask.lambda$executeRecursively$6(NodeTestTask.java:151)
	at org.junit.platform.engine.support.hierarchical.ThrowableCollector.execute(ThrowableCollector.java:73)
	at org.junit.platform.engine.support.hierarchical.NodeTestTask.lambda$executeRecursively$8(NodeTestTask.java:141)
	at org.junit.platform.engine.support.hierarchical.Node.around(Node.java:137)
	at org.junit.platform.engine.support.hierarchical.NodeTestTask.lambda$executeRecursively$9(NodeTestTask.java:139)
	at org.junit.platform.engine.support.hierarchical.ThrowableCollector.execute(ThrowableCollector.java:73)
	at org.junit.platform.engine.support.hierarchical.NodeTestTask.executeRecursively(NodeTestTask.java:138)
	at org.junit.platform.engine.support.hierarchical.NodeTestTask.execute(NodeTestTask.java:95)
	at java.base/java.util.ArrayList.forEach(ArrayList.java:1511)
	at org.junit.platform.engine.support.hierarchical.SameThreadHierarchicalTestExecutorService.invokeAll(SameThreadHierarchicalTestExecutorService.java:41)
	at org.junit.platform.engine.support.hierarchical.NodeTestTask.lambda$executeRecursively$6(NodeTestTask.java:155)
	at org.junit.platform.engine.support.hierarchical.ThrowableCollector.execute(ThrowableCollector.java:73)
	at org.junit.platform.engine.support.hierarchical.NodeTestTask.lambda$executeRecursively$8(NodeTestTask.java:141)
	at org.junit.platform.engine.support.hierarchical.Node.around(Node.java:137)
	at org.junit.platform.engine.support.hierarchical.NodeTestTask.lambda$executeRecursively$9(NodeTestTask.java:139)
	at org.junit.platform.engine.support.hierarchical.ThrowableCollector.execute(ThrowableCollector.java:73)
	at org.junit.platform.engine.support.hierarchical.NodeTestTask.executeRecursively(NodeTestTask.java:138)
	at org.junit.platform.engine.support.hierarchical.NodeTestTask.execute(NodeTestTask.java:95)
	at java.base/java.util.ArrayList.forEach(ArrayList.java:1511)
	at org.junit.platform.engine.support.hierarchical.SameThreadHierarchicalTestExecutorService.invokeAll(SameThreadHierarchicalTestExecutorService.java:41)
	at org.junit.platform.engine.support.hierarchical.NodeTestTask.lambda$executeRecursively$6(NodeTestTask.java:155)
	at org.junit.platform.engine.support.hierarchical.ThrowableCollector.execute(ThrowableCollector.java:73)
	at org.junit.platform.engine.support.hierarchical.NodeTestTask.lambda$executeRecursively$8(NodeTestTask.java:141)
	at org.junit.platform.engine.support.hierarchical.Node.around(Node.java:137)
	at org.junit.platform.engine.support.hierarchical.NodeTestTask.lambda$executeRecursively$9(NodeTestTask.java:139)
	at org.junit.platform.engine.support.hierarchical.ThrowableCollector.execute(ThrowableCollector.java:73)
	at org.junit.platform.engine.support.hierarchical.NodeTestTask.executeRecursively(NodeTestTask.java:138)
	at org.junit.platform.engine.support.hierarchical.NodeTestTask.execute(NodeTestTask.java:95)
	at org.junit.platform.engine.support.hierarchical.SameThreadHierarchicalTestExecutorService.submit(SameThreadHierarchicalTestExecutorService.java:35)
	at org.junit.platform.engine.support.hierarchical.HierarchicalTestExecutor.execute(HierarchicalTestExecutor.java:57)
	at org.junit.platform.engine.support.hierarchical.HierarchicalTestEngine.execute(HierarchicalTestEngine.java:54)
	at org.junit.platform.launcher.core.EngineExecutionOrchestrator.execute(EngineExecutionOrchestrator.java:107)
	at org.junit.platform.launcher.core.EngineExecutionOrchestrator.execute(EngineExecutionOrchestrator.java:88)
	at org.junit.platform.launcher.core.EngineExecutionOrchestrator.lambda$execute$0(EngineExecutionOrchestrator.java:54)
	at org.junit.platform.launcher.core.EngineExecutionOrchestrator.withInterceptedStreams(EngineExecutionOrchestrator.java:67)
	at org.junit.platform.launcher.core.EngineExecutionOrchestrator.execute(EngineExecutionOrchestrator.java:52)
	at org.junit.platform.launcher.core.DefaultLauncher.execute(DefaultLauncher.java:114)
	at org.junit.platform.launcher.core.DefaultLauncher.execute(DefaultLauncher.java:86)
	at org.junit.platform.launcher.core.DefaultLauncherSession$DelegatingLauncher.execute(DefaultLauncherSession.java:86)
	at org.apache.maven.surefire.junitplatform.LazyLauncher.execute(LazyLauncher.java:56)
	at org.apache.maven.surefire.junitplatform.JUnitPlatformProvider.execute(JUnitPlatformProvider.java:184)
	at org.apache.maven.surefire.junitplatform.JUnitPlatformProvider.invokeAllTests(JUnitPlatformProvider.java:148)
	at org.apache.maven.surefire.junitplatform.JUnitPlatformProvider.invoke(JUnitPlatformProvider.java:122)
	at org.apache.maven.surefire.booter.ForkedBooter.runSuitesInProcess(ForkedBooter.java:385)
	at org.apache.maven.surefire.booter.ForkedBooter.execute(ForkedBooter.java:162)
	at org.apache.maven.surefire.booter.ForkedBooter.run(ForkedBooter.java:507)
	at org.apache.maven.surefire.booter.ForkedBooter.main(ForkedBooter.java:495)
Caused by: org.hibernate.exception.SQLGrammarException: could not prepare statement
	at org.hibernate.exception.internal.SQLExceptionTypeDelegate.convert(SQLExceptionTypeDelegate.java:63)
	at org.hibernate.exception.internal.StandardSQLExceptionConverter.convert(StandardSQLExceptionConverter.java:42)
	at org.hibernate.engine.jdbc.spi.SqlExceptionHelper.convert(SqlExceptionHelper.java:113)
	at org.hibernate.engine.jdbc.internal.StatementPreparerImpl$StatementPreparationTemplate.prepareStatement(StatementPreparerImpl.java:182)
	at org.hibernate.engine.jdbc.internal.StatementPreparerImpl.prepareQueryStatement(StatementPreparerImpl.java:148)
	at org.hibernate.loader.Loader.prepareQueryStatement(Loader.java:1988)
	at org.hibernate.loader.Loader.executeQueryStatement(Loader.java:1918)
	at org.hibernate.loader.Loader.executeQueryStatement(Loader.java:1896)
	at org.hibernate.loader.Loader.doQuery(Loader.java:936)
	at org.hibernate.loader.Loader.doQueryAndInitializeNonLazyCollections(Loader.java:339)
	at org.hibernate.loader.Loader.doList(Loader.java:2693)
	at org.hibernate.loader.Loader.doList(Loader.java:2676)
	at org.hibernate.loader.Loader.listIgnoreQueryCache(Loader.java:2510)
	at org.hibernate.loader.Loader.list(Loader.java:2505)
	at org.hibernate.loader.custom.CustomLoader.list(CustomLoader.java:338)
	at org.hibernate.internal.SessionImpl.listCustomQuery(SessionImpl.java:2262)
	at org.hibernate.internal.AbstractSharedSessionContract.list(AbstractSharedSessionContract.java:1069)
	at org.hibernate.query.internal.NativeQueryImpl.doList(NativeQueryImpl.java:173)
	at org.hibernate.query.internal.AbstractProducedQuery.list(AbstractProducedQuery.java:1529)
	... 73 more
Caused by: org.h2.jdbc.JdbcSQLSyntaxErrorException: Columna "m.dni" no encontrada
Column "m.dni" not found; SQL statement:
SELECT al.dni, al.nombre, al.apellidos, al.fechanacimiento, a.id, a.nombre, m."year" FROM matriculas AS m INNER JOIN asignatura_matricula AS am INNER JOIN asignaturas AS a INNER JOIN alumnos AS al ON al.dni = m.dni AND a.id = am.idasignatura AND m.id = am.idmatricula WHERE m."year" = ? AND a.id = ? [42122-214]
	at org.h2.message.DbException.getJdbcSQLException(DbException.java:502)
	at org.h2.message.DbException.getJdbcSQLException(DbException.java:477)
	at org.h2.message.DbException.get(DbException.java:223)
	at org.h2.message.DbException.get(DbException.java:199)
	at org.h2.expression.ExpressionColumn.getColumnException(ExpressionColumn.java:244)
	at org.h2.expression.ExpressionColumn.optimizeOther(ExpressionColumn.java:226)
	at org.h2.expression.ExpressionColumn.optimize(ExpressionColumn.java:213)
	at org.h2.expression.condition.Comparison.optimize(Comparison.java:140)
	at org.h2.expression.condition.ConditionAndOrN.optimize(ConditionAndOrN.java:168)
	at org.h2.expression.Expression.optimizeCondition(Expression.java:148)
	at org.h2.table.TableFilter.createIndexConditions(TableFilter.java:635)
	at org.h2.table.TableFilter.createIndexConditions(TableFilter.java:644)
	at org.h2.table.TableFilter.createIndexConditions(TableFilter.java:647)
	at org.h2.table.TableFilter.createIndexConditions(TableFilter.java:644)
	at org.h2.table.TableFilter.createIndexConditions(TableFilter.java:647)
	at org.h2.command.query.Select.preparePlan(Select.java:1320)
	at org.h2.command.query.Select.preparePlan(Select.java:1202)
	at org.h2.command.query.Query.prepare(Query.java:219)
	at org.h2.command.Parser.prepareCommand(Parser.java:575)
	at org.h2.engine.SessionLocal.prepareLocal(SessionLocal.java:631)
	at org.h2.engine.SessionLocal.prepareCommand(SessionLocal.java:554)
	at org.h2.jdbc.JdbcConnection.prepareCommand(JdbcConnection.java:1116)
	at org.h2.jdbc.JdbcPreparedStatement.<init>(JdbcPreparedStatement.java:92)
	at org.h2.jdbc.JdbcConnection.prepareStatement(JdbcConnection.java:288)
	at org.hibernate.engine.jdbc.internal.StatementPreparerImpl$5.doPrepare(StatementPreparerImpl.java:146)
	at org.hibernate.engine.jdbc.internal.StatementPreparerImpl$StatementPreparationTemplate.prepareStatement(StatementPreparerImpl.java:172)
	... 88 more
]]></error>
    <system-out><![CDATA[Hibernate: 
    SELECT
        al.dni,
        al.nombre,
        al.apellidos,
        al.fechanacimiento,
        a.id,
        a.nombre,
        m."year" 
    FROM
        matriculas AS m 
    INNER JOIN
        asignatura_matricula AS am 
    INNER JOIN
        asignaturas AS a 
    INNER JOIN
        alumnos AS al 
            ON al.dni = m.dni 
            AND a.id = am.idasignatura 
            AND m.id = am.idmatricula 
    WHERE
        m."year" = ? 
        AND a.id = ?
]]></system-out>
    <system-err><![CDATA[feb 07, 2024 11:07:25 P. M. org.hibernate.engine.jdbc.spi.SqlExceptionHelper logExceptions
WARN: SQL Error: 42122, SQLState: 42S22
feb 07, 2024 11:07:25 P. M. org.hibernate.engine.jdbc.spi.SqlExceptionHelper logExceptions
ERROR: Columna "m.dni" no encontrada
Column "m.dni" not found; SQL statement:
SELECT al.dni, al.nombre, al.apellidos, al.fechanacimiento, a.id, a.nombre, m."year" FROM matriculas AS m INNER JOIN asignatura_matricula AS am INNER JOIN asignaturas AS a INNER JOIN alumnos AS al ON al.dni = m.dni AND a.id = am.idasignatura AND m.id = am.idmatricula WHERE m."year" = ? AND a.id = ? [42122-214]
]]></system-err>
  </testcase>
</testsuite>